<?xml version="1.0" encoding="UTF-8"?>
<robot generator="Robot 6.1 (Python 3.11.4 on darwin)" generated="20231011 23:25:30.419" rpa="false" schemaversion="4">
<suite id="s1" name="Test" source="/Users/thesky/Documents/GitHub/test_exam/test.robot">
<test id="s1-t1" name="is_prime" line="5">
<kw name="GET" library="RequestsLibrary">
<var>${response}</var>
<arg>http://127.0.0.1:5000/is_prime/17</arg>
<doc>Sends a GET request.</doc>
<msg timestamp="20231011 23:25:30.472" level="INFO">GET Request : url=http://127.0.0.1:5000/is_prime/17 
 path_url=/is_prime/17 
 headers={'User-Agent': 'python-requests/2.31.0', 'Accept-Encoding': 'gzip, deflate', 'Accept': '*/*', 'Connection': 'keep-alive'} 
 body=None 
 </msg>
<msg timestamp="20231011 23:25:30.472" level="INFO">GET Response : url=http://127.0.0.1:5000/is_prime/17 
 status=200, reason=OK 
 headers={'Server': 'Werkzeug/2.3.6 Python/3.11.4', 'Date': 'Wed, 11 Oct 2023 16:25:30 GMT', 'Content-Type': 'text/html; charset=utf-8', 'Content-Length': '4', 'Connection': 'close'} 
 body=True 
 </msg>
<msg timestamp="20231011 23:25:30.472" level="INFO">${response} = &lt;Response [200]&gt;</msg>
<status status="PASS" starttime="20231011 23:25:30.464" endtime="20231011 23:25:30.472"/>
</kw>
<kw name="Should Be Equal As Integers" library="BuiltIn">
<arg>${response.status_code}</arg>
<arg>200</arg>
<doc>Fails if objects are unequal after converting them to integers.</doc>
<msg timestamp="20231011 23:25:30.473" level="INFO">Argument types are:
&lt;class 'int'&gt;
&lt;class 'str'&gt;</msg>
<status status="PASS" starttime="20231011 23:25:30.472" endtime="20231011 23:25:30.473"/>
</kw>
<kw name="Should Be Equal As Strings" library="BuiltIn">
<arg>${response.content}</arg>
<arg>True</arg>
<doc>Fails if objects are unequal after converting them to strings.</doc>
<msg timestamp="20231011 23:25:30.473" level="INFO">Argument types are:
&lt;class 'bytes'&gt;
&lt;class 'str'&gt;</msg>
<status status="PASS" starttime="20231011 23:25:30.473" endtime="20231011 23:25:30.473"/>
</kw>
<kw name="GET" library="RequestsLibrary">
<var>${response}</var>
<arg>http://127.0.0.1:5000/is_prime/36</arg>
<doc>Sends a GET request.</doc>
<msg timestamp="20231011 23:25:30.475" level="INFO">GET Request : url=http://127.0.0.1:5000/is_prime/36 
 path_url=/is_prime/36 
 headers={'User-Agent': 'python-requests/2.31.0', 'Accept-Encoding': 'gzip, deflate', 'Accept': '*/*', 'Connection': 'keep-alive'} 
 body=None 
 </msg>
<msg timestamp="20231011 23:25:30.475" level="INFO">GET Response : url=http://127.0.0.1:5000/is_prime/36 
 status=200, reason=OK 
 headers={'Server': 'Werkzeug/2.3.6 Python/3.11.4', 'Date': 'Wed, 11 Oct 2023 16:25:30 GMT', 'Content-Type': 'text/html; charset=utf-8', 'Content-Length': '5', 'Connection': 'close'} 
 body=False 
 </msg>
<msg timestamp="20231011 23:25:30.475" level="INFO">${response} = &lt;Response [200]&gt;</msg>
<status status="PASS" starttime="20231011 23:25:30.473" endtime="20231011 23:25:30.475"/>
</kw>
<kw name="Should Be Equal As Integers" library="BuiltIn">
<arg>${response.status_code}</arg>
<arg>200</arg>
<doc>Fails if objects are unequal after converting them to integers.</doc>
<msg timestamp="20231011 23:25:30.475" level="INFO">Argument types are:
&lt;class 'int'&gt;
&lt;class 'str'&gt;</msg>
<status status="PASS" starttime="20231011 23:25:30.475" endtime="20231011 23:25:30.475"/>
</kw>
<kw name="Should Be Equal As Strings" library="BuiltIn">
<arg>${response.content}</arg>
<arg>False</arg>
<doc>Fails if objects are unequal after converting them to strings.</doc>
<msg timestamp="20231011 23:25:30.476" level="INFO">Argument types are:
&lt;class 'bytes'&gt;
&lt;class 'str'&gt;</msg>
<status status="PASS" starttime="20231011 23:25:30.475" endtime="20231011 23:25:30.476"/>
</kw>
<kw name="GET" library="RequestsLibrary">
<var>${response}</var>
<arg>http://127.0.0.1:5000/is_prime/13219</arg>
<doc>Sends a GET request.</doc>
<msg timestamp="20231011 23:25:30.478" level="INFO">GET Request : url=http://127.0.0.1:5000/is_prime/13219 
 path_url=/is_prime/13219 
 headers={'User-Agent': 'python-requests/2.31.0', 'Accept-Encoding': 'gzip, deflate', 'Accept': '*/*', 'Connection': 'keep-alive'} 
 body=None 
 </msg>
<msg timestamp="20231011 23:25:30.478" level="INFO">GET Response : url=http://127.0.0.1:5000/is_prime/13219 
 status=200, reason=OK 
 headers={'Server': 'Werkzeug/2.3.6 Python/3.11.4', 'Date': 'Wed, 11 Oct 2023 16:25:30 GMT', 'Content-Type': 'text/html; charset=utf-8', 'Content-Length': '4', 'Connection': 'close'} 
 body=True 
 </msg>
<msg timestamp="20231011 23:25:30.478" level="INFO">${response} = &lt;Response [200]&gt;</msg>
<status status="PASS" starttime="20231011 23:25:30.476" endtime="20231011 23:25:30.478"/>
</kw>
<kw name="Should Be Equal As Integers" library="BuiltIn">
<arg>${response.status_code}</arg>
<arg>200</arg>
<doc>Fails if objects are unequal after converting them to integers.</doc>
<msg timestamp="20231011 23:25:30.478" level="INFO">Argument types are:
&lt;class 'int'&gt;
&lt;class 'str'&gt;</msg>
<status status="PASS" starttime="20231011 23:25:30.478" endtime="20231011 23:25:30.478"/>
</kw>
<kw name="Should Be Equal As Strings" library="BuiltIn">
<arg>${response.content}</arg>
<arg>True</arg>
<doc>Fails if objects are unequal after converting them to strings.</doc>
<msg timestamp="20231011 23:25:30.478" level="INFO">Argument types are:
&lt;class 'bytes'&gt;
&lt;class 'str'&gt;</msg>
<status status="PASS" starttime="20231011 23:25:30.478" endtime="20231011 23:25:30.478"/>
</kw>
<status status="PASS" starttime="20231011 23:25:30.464" endtime="20231011 23:25:30.478"/>
</test>
<status status="PASS" starttime="20231011 23:25:30.419" endtime="20231011 23:25:30.478"/>
</suite>
<statistics>
<total>
<stat pass="1" fail="0" skip="0">All Tests</stat>
</total>
<tag>
</tag>
<suite>
<stat pass="1" fail="0" skip="0" id="s1" name="Test">Test</stat>
</suite>
</statistics>
<errors>
</errors>
</robot>
